#
# There is insufficient memory for the Java Runtime Environment to continue.
# Native memory allocation (malloc) failed to allocate 1738032 bytes for Chunk::new
# Possible reasons:
#   The system is out of physical RAM or swap space
#   In 32 bit mode, the process size limit was hit
# Possible solutions:
#   Reduce memory load on the system
#   Increase physical memory or swap space
#   Check if swap backing store is full
#   Use 64 bit Java on a 64 bit OS
#   Decrease Java heap size (-Xmx/-Xms)
#   Decrease number of Java threads
#   Decrease Java thread stack sizes (-Xss)
#   Set larger code cache with -XX:ReservedCodeCacheSize=
# This output file may be truncated or incomplete.
#
#  Out of Memory Error (allocation.cpp:390), pid=129800, tid=0x000000000001f4f8
#
# JRE version: Java(TM) SE Runtime Environment (8.0_161-b12) (build 1.8.0_161-b12)
# Java VM: Java HotSpot(TM) 64-Bit Server VM (25.161-b12 mixed mode windows-amd64 compressed oops)
# Failed to write core dump. Minidumps are not enabled by default on client versions of Windows
#

---------------  T H R E A D  ---------------

Current thread (0x0000000018ce6800):  JavaThread "C2 CompilerThread1" daemon [_thread_in_native, id=128248, stack(0x0000000019390000,0x0000000019490000)]

Stack: [0x0000000019390000,0x0000000019490000]
[error occurred during error reporting (printing stack bounds), id 0xc0000005]

Native frames: (J=compiled Java code, j=interpreted, Vv=VM code, C=native code)


Current CompileTask:
C2:   7224 3100   !   4       java.net.URLClassLoader$1::run (63 bytes)


---------------  P R O C E S S  ---------------

Java Threads: ( => current thread )
  0x0000000018cfe800 JavaThread "Service Thread" daemon [_thread_blocked, id=5844, stack(0x0000000019590000,0x0000000019690000)]
  0x0000000018cfa800 JavaThread "C1 CompilerThread2" daemon [_thread_blocked, id=124892, stack(0x0000000019490000,0x0000000019590000)]
=>0x0000000018ce6800 JavaThread "C2 CompilerThread1" daemon [_thread_in_native, id=128248, stack(0x0000000019390000,0x0000000019490000)]
  0x00000000178bb800 JavaThread "C2 CompilerThread0" daemon [_thread_in_native, id=10992, stack(0x0000000019290000,0x0000000019390000)]
  0x00000000178b9800 JavaThread "Attach Listener" daemon [_thread_blocked, id=129208, stack(0x0000000019190000,0x0000000019290000)]
  0x0000000018cd2800 JavaThread "Signal Dispatcher" daemon [_thread_blocked, id=129588, stack(0x0000000019090000,0x0000000019190000)]
  0x0000000002d2d000 JavaThread "Finalizer" daemon [_thread_blocked, id=126144, stack(0x0000000018af0000,0x0000000018bf0000)]
  0x0000000002d21000 JavaThread "Reference Handler" daemon [_thread_blocked, id=125368, stack(0x00000000189f0000,0x0000000018af0000)]
  0x0000000002c32800 JavaThread "main" [_thread_in_native, id=126596, stack(0x0000000002b30000,0x0000000002c30000)]

Other Threads:
  0x0000000017867800 VMThread [stack: 0x00000000188f0000,0x00000000189f0000] [id=127628]
  0x0000000018d20800 WatcherThread [stack: 0x0000000019690000,0x0000000019790000] [id=127500]

VM state:not at safepoint (normal execution)

VM Mutex/Monitor currently owned by a thread: None

Heap:
 PSYoungGen      total 38400K, used 21669K [0x00000000d5c00000, 0x00000000db000000, 0x0000000100000000)
  eden space 33280K, 49% used [0x00000000d5c00000,0x00000000d6c2d648,0x00000000d7c80000)
  from space 5120K, 99% used [0x00000000d7c80000,0x00000000d817c030,0x00000000d8180000)
  to   space 9728K, 0% used [0x00000000da680000,0x00000000da680000,0x00000000db000000)
 ParOldGen       total 87552K, used 10639K [0x0000000081400000, 0x0000000086980000, 0x00000000d5c00000)
  object space 87552K, 12% used [0x0000000081400000,0x0000000081e63d40,0x0000000086980000)
 Metaspace       used 18709K, capacity 19254K, committed 19328K, reserved 1067008K
  class space    used 2276K, capacity 2432K, committed 2432K, reserved 1048576K

Card table byte_map: [0x00000000120f0000,0x00000000124f0000] byte_map_base: 0x0000000011ce6000

Marking Bits: (ParMarkBitMap*) 0x00000000729af860
 Begin Bits: [0x0000000012ba0000, 0x0000000014b50000)
 End Bits:   [0x0000000014b50000, 0x0000000016b00000)

Polling page: 0x0000000000ea0000

CodeCache: size=245760Kb used=11201Kb max_used=11201Kb free=234558Kb
 bounds [0x0000000002d30000, 0x0000000003830000, 0x0000000011d30000]
 total_blobs=3514 nmethods=3156 adapters=270
 compilation: enabled

Compilation events (10 events):
Event: 7.206 Thread 0x0000000018cfa800 3166       3       java.io.File::lastModified (33 bytes)
Event: 7.206 Thread 0x0000000018cfa800 nmethod 3166 0x00000000038237d0 code [0x0000000003823960, 0x0000000003823d68]
Event: 7.210 Thread 0x0000000018cfa800 3167       3       org.apache.maven.plugin.war.util.PathSet::normalizeFilePath (5 bytes)
Event: 7.211 Thread 0x0000000018cfa800 nmethod 3167 0x0000000003823e90 code [0x0000000003824060, 0x0000000003824758]
Event: 7.211 Thread 0x0000000018cfa800 3168       3       org.apache.maven.plugin.war.util.PathSet::normalizeFilePathStatic (12 bytes)
Event: 7.211 Thread 0x0000000018cfa800 nmethod 3168 0x0000000003824d10 code [0x0000000003824f20, 0x0000000003825a88]
Event: 7.211 Thread 0x0000000018cfa800 3169       3       sun.nio.ch.FileChannelImpl::<init> (74 bytes)
Event: 7.212 Thread 0x0000000018cfa800 nmethod 3169 0x0000000003826190 code [0x0000000003826360, 0x0000000003826b70]
Event: 7.212 Thread 0x0000000018cfa800 3170  s!   3       sun.nio.ch.NativeThreadSet::signalAndWait (134 bytes)
Event: 7.213 Thread 0x0000000018cfa800 nmethod 3170 0x0000000003827050 code [0x0000000003827200, 0x00000000038279d8]

GC Heap History (10 events):
Event: 1.766 GC heap before
{Heap before GC invocations=1 (full 0):
 PSYoungGen      total 38400K, used 33280K [0x00000000d5c00000, 0x00000000d8680000, 0x0000000100000000)
  eden space 33280K, 100% used [0x00000000d5c00000,0x00000000d7c80000,0x00000000d7c80000)
  from space 5120K, 0% used [0x00000000d8180000,0x00000000d8180000,0x00000000d8680000)
  to   space 5120K, 0% used [0x00000000d7c80000,0x00000000d7c80000,0x00000000d8180000)
 ParOldGen       total 87552K, used 0K [0x0000000081400000, 0x0000000086980000, 0x00000000d5c00000)
  object space 87552K, 0% used [0x0000000081400000,0x0000000081400000,0x0000000086980000)
 Metaspace       used 7798K, capacity 8008K, committed 8320K, reserved 1056768K
  class space    used 991K, capacity 1052K, committed 1152K, reserved 1048576K
Event: 1.773 GC heap after
Heap after GC invocations=1 (full 0):
 PSYoungGen      total 38400K, used 4877K [0x00000000d5c00000, 0x00000000d8680000, 0x0000000100000000)
  eden space 33280K, 0% used [0x00000000d5c00000,0x00000000d5c00000,0x00000000d7c80000)
  from space 5120K, 95% used [0x00000000d7c80000,0x00000000d8143548,0x00000000d8180000)
  to   space 5120K, 0% used [0x00000000d8180000,0x00000000d8180000,0x00000000d8680000)
 ParOldGen       total 87552K, used 8K [0x0000000081400000, 0x0000000086980000, 0x00000000d5c00000)
  object space 87552K, 0% used [0x0000000081400000,0x0000000081402000,0x0000000086980000)
 Metaspace       used 7798K, capacity 8008K, committed 8320K, reserved 1056768K
  class space    used 991K, capacity 1052K, committed 1152K, reserved 1048576K
}
Event: 2.675 GC heap before
{Heap before GC invocations=2 (full 0):
 PSYoungGen      total 38400K, used 38157K [0x00000000d5c00000, 0x00000000d8680000, 0x0000000100000000)
  eden space 33280K, 100% used [0x00000000d5c00000,0x00000000d7c80000,0x00000000d7c80000)
  from space 5120K, 95% used [0x00000000d7c80000,0x00000000d8143548,0x00000000d8180000)
  to   space 5120K, 0% used [0x00000000d8180000,0x00000000d8180000,0x00000000d8680000)
 ParOldGen       total 87552K, used 8K [0x0000000081400000, 0x0000000086980000, 0x00000000d5c00000)
  object space 87552K, 0% used [0x0000000081400000,0x0000000081402000,0x0000000086980000)
 Metaspace       used 11802K, capacity 12058K, committed 12416K, reserved 1060864K
  class space    used 1505K, capacity 1609K, committed 1664K, reserved 1048576K
Event: 2.685 GC heap after
Heap after GC invocations=2 (full 0):
 PSYoungGen      total 38400K, used 5117K [0x00000000d5c00000, 0x00000000d8680000, 0x0000000100000000)
  eden space 33280K, 0% used [0x00000000d5c00000,0x00000000d5c00000,0x00000000d7c80000)
  from space 5120K, 99% used [0x00000000d8180000,0x00000000d867f738,0x00000000d8680000)
  to   space 5120K, 0% used [0x00000000d7c80000,0x00000000d7c80000,0x00000000d8180000)
 ParOldGen       total 87552K, used 2500K [0x0000000081400000, 0x0000000086980000, 0x00000000d5c00000)
  object space 87552K, 2% used [0x0000000081400000,0x0000000081671050,0x0000000086980000)
 Metaspace       used 11802K, capacity 12058K, committed 12416K, reserved 1060864K
  class space    used 1505K, capacity 1609K, committed 1664K, reserved 1048576K
}
Event: 3.889 GC heap before
{Heap before GC invocations=3 (full 0):
 PSYoungGen      total 38400K, used 38397K [0x00000000d5c00000, 0x00000000d8680000, 0x0000000100000000)
  eden space 33280K, 100% used [0x00000000d5c00000,0x00000000d7c80000,0x00000000d7c80000)
  from space 5120K, 99% used [0x00000000d8180000,0x00000000d867f738,0x00000000d8680000)
  to   space 5120K, 0% used [0x00000000d7c80000,0x00000000d7c80000,0x00000000d8180000)
 ParOldGen       total 87552K, used 2500K [0x0000000081400000, 0x0000000086980000, 0x00000000d5c00000)
  object space 87552K, 2% used [0x0000000081400000,0x0000000081671050,0x0000000086980000)
 Metaspace       used 14796K, capacity 15086K, committed 15360K, reserved 1062912K
  class space    used 1822K, capacity 1943K, committed 2048K, reserved 1048576K
Event: 3.902 GC heap after
Heap after GC invocations=3 (full 0):
 PSYoungGen      total 38400K, used 5113K [0x00000000d5c00000, 0x00000000d8680000, 0x0000000100000000)
  eden space 33280K, 0% used [0x00000000d5c00000,0x00000000d5c00000,0x00000000d7c80000)
  from space 5120K, 99% used [0x00000000d7c80000,0x00000000d817e620,0x00000000d8180000)
  to   space 5120K, 0% used [0x00000000d8180000,0x00000000d8180000,0x00000000d8680000)
 ParOldGen       total 87552K, used 5462K [0x0000000081400000, 0x0000000086980000, 0x00000000d5c00000)
  object space 87552K, 6% used [0x0000000081400000,0x0000000081955b38,0x0000000086980000)
 Metaspace       used 14796K, capacity 15086K, committed 15360K, reserved 1062912K
  class space    used 1822K, capacity 1943K, committed 2048K, reserved 1048576K
}
Event: 4.848 GC heap before
{Heap before GC invocations=4 (full 0):
 PSYoungGen      total 38400K, used 38393K [0x00000000d5c00000, 0x00000000d8680000, 0x0000000100000000)
  eden space 33280K, 100% used [0x00000000d5c00000,0x00000000d7c80000,0x00000000d7c80000)
  from space 5120K, 99% used [0x00000000d7c80000,0x00000000d817e620,0x00000000d8180000)
  to   space 5120K, 0% used [0x00000000d8180000,0x00000000d8180000,0x00000000d8680000)
 ParOldGen       total 87552K, used 5462K [0x0000000081400000, 0x0000000086980000, 0x00000000d5c00000)
  object space 87552K, 6% used [0x0000000081400000,0x0000000081955b38,0x0000000086980000)
 Metaspace       used 15755K, capacity 16172K, committed 16384K, reserved 1062912K
  class space    used 1918K, capacity 2048K, committed 2048K, reserved 1048576K
Event: 4.865 GC heap after
Heap after GC invocations=4 (full 0):
 PSYoungGen      total 38400K, used 5120K [0x00000000d5c00000, 0x00000000da700000, 0x0000000100000000)
  eden space 33280K, 0% used [0x00000000d5c00000,0x00000000d5c00000,0x00000000d7c80000)
  from space 5120K, 100% used [0x00000000d8180000,0x00000000d8680000,0x00000000d8680000)
  to   space 5120K, 0% used [0x00000000d7c80000,0x00000000d7c80000,0x00000000d8180000)
 ParOldGen       total 87552K, used 8139K [0x0000000081400000, 0x0000000086980000, 0x00000000d5c00000)
  object space 87552K, 9% used [0x0000000081400000,0x0000000081bf2f08,0x0000000086980000)
 Metaspace       used 15755K, capacity 16172K, committed 16384K, reserved 1062912K
  class space    used 1918K, capacity 2048K, committed 2048K, reserved 1048576K
}
Event: 6.293 GC heap before
{Heap before GC invocations=5 (full 0):
 PSYoungGen      total 38400K, used 38400K [0x00000000d5c00000, 0x00000000da700000, 0x0000000100000000)
  eden space 33280K, 100% used [0x00000000d5c00000,0x00000000d7c80000,0x00000000d7c80000)
  from space 5120K, 100% used [0x00000000d8180000,0x00000000d8680000,0x00000000d8680000)
  to   space 5120K, 0% used [0x00000000d7c80000,0x00000000d7c80000,0x00000000d8180000)
 ParOldGen       total 87552K, used 8139K [0x0000000081400000, 0x0000000086980000, 0x00000000d5c00000)
  object space 87552K, 9% used [0x0000000081400000,0x0000000081bf2f08,0x0000000086980000)
 Metaspace       used 16761K, capacity 17234K, committed 17280K, reserved 1064960K
  class space    used 1989K, capacity 2166K, committed 2176K, reserved 1048576K
Event: 6.308 GC heap after
Heap after GC invocations=5 (full 0):
 PSYoungGen      total 38400K, used 5104K [0x00000000d5c00000, 0x00000000db000000, 0x0000000100000000)
  eden space 33280K, 0% used [0x00000000d5c00000,0x00000000d5c00000,0x00000000d7c80000)
  from space 5120K, 99% used [0x00000000d7c80000,0x00000000d817c030,0x00000000d8180000)
  to   space 9728K, 0% used [0x00000000da680000,0x00000000da680000,0x00000000db000000)
 ParOldGen       total 87552K, used 10639K [0x0000000081400000, 0x0000000086980000, 0x00000000d5c00000)
  object space 87552K, 12% used [0x0000000081400000,0x0000000081e63d40,0x0000000086980000)
 Metaspace       used 16761K, capacity 17234K, committed 17280K, reserved 1064960K
  class space    used 1989K, capacity 2166K, committed 2176K, reserved 1048576K
}

Deoptimization events (10 events):
Event: 4.281 Thread 0x0000000002c32800 Uncommon trap: reason=bimorphic action=maybe_recompile pc=0x000000000332a2c8 method=java.util.concurrent.ConcurrentHashMap.get(Ljava/lang/Object;)Ljava/lang/Object; @ 149
Event: 4.541 Thread 0x0000000002c32800 Uncommon trap: reason=unstable_if action=reinterpret pc=0x00000000032a9ed4 method=sun.net.www.protocol.jar.Handler.parseURL(Ljava/net/URL;Ljava/lang/String;II)V @ 94
Event: 4.590 Thread 0x0000000002c32800 Uncommon trap: reason=unstable_if action=reinterpret pc=0x000000000333851c method=java.util.LinkedHashMap.afterNodeInsertion(Z)V @ 18
Event: 4.600 Thread 0x0000000002c32800 Uncommon trap: reason=bimorphic action=maybe_recompile pc=0x0000000003331550 method=java.util.regex.Pattern$CharProperty.match(Ljava/util/regex/Matcher;ILjava/lang/CharSequence;)Z @ 37
Event: 4.623 Thread 0x0000000002c32800 Uncommon trap: reason=null_check action=make_not_entrant pc=0x0000000003561b04 method=com.google.inject.internal.InjectorImpl.callInContext(Lcom/google/inject/internal/ContextualCallable;)Ljava/lang/Object; @ 7
Event: 5.197 Thread 0x0000000002c32800 Uncommon trap: reason=bimorphic action=maybe_recompile pc=0x0000000003331550 method=java.util.regex.Pattern$CharProperty.match(Ljava/util/regex/Matcher;ILjava/lang/CharSequence;)Z @ 37
Event: 5.823 Thread 0x0000000002c32800 Uncommon trap: reason=bimorphic action=maybe_recompile pc=0x0000000003331550 method=java.util.regex.Pattern$CharProperty.match(Ljava/util/regex/Matcher;ILjava/lang/CharSequence;)Z @ 37
Event: 5.836 Thread 0x0000000002c32800 Uncommon trap: reason=unstable_if action=reinterpret pc=0x00000000036de8a0 method=com.google.inject.internal.InjectorImpl.callInContext(Lcom/google/inject/internal/ContextualCallable;)Ljava/lang/Object; @ 161
Event: 6.595 Thread 0x0000000002c32800 Uncommon trap: reason=bimorphic action=maybe_recompile pc=0x0000000003331550 method=java.util.regex.Pattern$CharProperty.match(Ljava/util/regex/Matcher;ILjava/lang/CharSequence;)Z @ 37
Event: 6.668 Thread 0x0000000002c32800 Uncommon trap: reason=unstable_if action=reinterpret pc=0x0000000003724f9c method=org.codehaus.plexus.classworlds.realm.Entry.matches(Ljava/lang/String;)Z @ 20

Classes redefined (0 events):
No events

Internal exceptions (10 events):
Event: 3.016 Thread 0x0000000002c32800 Exception <a 'java/lang/NullPointerException'> (0x00000000d64e9a58) thrown at [C:\re\workspace\8-2-build-windows-amd64-cygwin\jdk8u161\10277\hotspot\src\share\vm\interpreter\linkResolver.cpp, line 1185]
Event: 3.019 Thread 0x0000000002c32800 Exception <a 'java/lang/NullPointerException'> (0x00000000d6501df0) thrown at [C:\re\workspace\8-2-build-windows-amd64-cygwin\jdk8u161\10277\hotspot\src\share\vm\interpreter\linkResolver.cpp, line 1185]
Event: 3.019 Thread 0x0000000002c32800 Exception <a 'java/lang/NullPointerException'> (0x00000000d6502008) thrown at [C:\re\workspace\8-2-build-windows-amd64-cygwin\jdk8u161\10277\hotspot\src\share\vm\interpreter\linkResolver.cpp, line 1185]
Event: 3.019 Thread 0x0000000002c32800 Exception <a 'java/lang/NullPointerException'> (0x00000000d6502220) thrown at [C:\re\workspace\8-2-build-windows-amd64-cygwin\jdk8u161\10277\hotspot\src\share\vm\interpreter\linkResolver.cpp, line 1185]
Event: 3.448 Thread 0x0000000002c32800 Implicit null exception at 0x00000000030f1015 to 0x00000000030f11ed
Event: 3.448 Thread 0x0000000002c32800 Implicit null exception at 0x000000000306572f to 0x0000000003065799
Event: 3.539 Thread 0x0000000002c32800 Implicit null exception at 0x000000000336a42e to 0x000000000336b6ad
Event: 3.623 Thread 0x0000000002c32800 Implicit null exception at 0x00000000030e3c3b to 0x00000000030e4215
Event: 4.623 Thread 0x0000000002c32800 Implicit null exception at 0x00000000035609e5 to 0x0000000003561af5
Event: 5.836 Thread 0x0000000002c32800 Implicit null exception at 0x00000000036dd655 to 0x00000000036de88e

Events (10 events):
Event: 7.119 loading class sun/nio/ch/Util$1
Event: 7.119 loading class sun/nio/ch/Util$1 done
Event: 7.119 loading class sun/nio/ch/Util$5
Event: 7.119 loading class sun/nio/ch/Util$5 done
Event: 7.119 loading class java/nio/DirectByteBufferR
Event: 7.120 loading class java/nio/DirectByteBufferR done
Event: 7.120 loading class org/codehaus/plexus/util/IOUtil
Event: 7.120 loading class org/codehaus/plexus/util/IOUtil done
Event: 7.121 loading class org/codehaus/plexus/util/IOUtil
Event: 7.121 loading class org/codehaus/plexus/util/IOUtil done


Dynamic libraries:
0x00007ff71ece0000 - 0x00007ff71ed17000 	C:\Program Files\Java\jre1.8.0_161\bin\javaw.exe
0x00007ff811de0000 - 0x00007ff811fc1000 	C:\WINDOWS\SYSTEM32\ntdll.dll
0x00007ff80f4d0000 - 0x00007ff80f582000 	C:\WINDOWS\System32\KERNEL32.DLL
0x00007ff80e260000 - 0x00007ff80e4d3000 	C:\WINDOWS\System32\KERNELBASE.dll
0x00007ff811620000 - 0x00007ff8116c1000 	C:\WINDOWS\System32\ADVAPI32.dll
0x00007ff80f420000 - 0x00007ff80f4be000 	C:\WINDOWS\System32\msvcrt.dll
0x00007ff811150000 - 0x00007ff8111ab000 	C:\WINDOWS\System32\sechost.dll
0x00007ff80f280000 - 0x00007ff80f3a4000 	C:\WINDOWS\System32\RPCRT4.dll
0x00007ff80f590000 - 0x00007ff80f720000 	C:\WINDOWS\System32\USER32.dll
0x00007ff80e4e0000 - 0x00007ff80e500000 	C:\WINDOWS\System32\win32u.dll
0x00007ff810dd0000 - 0x00007ff810df8000 	C:\WINDOWS\System32\GDI32.dll
0x00007ff80e500000 - 0x00007ff80e692000 	C:\WINDOWS\System32\gdi32full.dll
0x00007ff80e850000 - 0x00007ff80e8ef000 	C:\WINDOWS\System32\msvcp_win.dll
0x00007ff80e6a0000 - 0x00007ff80e79a000 	C:\WINDOWS\System32\ucrtbase.dll
0x00007ffffaf30000 - 0x00007ffffb199000 	C:\WINDOWS\WinSxS\amd64_microsoft.windows.common-controls_6595b64144ccf1df_6.0.17134.523_none_fb409dd930672a56\COMCTL32.dll
0x00007ff8116d0000 - 0x00007ff8119f2000 	C:\WINDOWS\System32\combase.dll
0x00007ff80f000000 - 0x00007ff80f07a000 	C:\WINDOWS\System32\bcryptPrimitives.dll
0x00007ff810e00000 - 0x00007ff810e2d000 	C:\WINDOWS\System32\IMM32.DLL
0x0000000073ab0000 - 0x0000000073b82000 	C:\Program Files\Java\jre1.8.0_161\bin\msvcr100.dll
0x0000000072190000 - 0x0000000072a2f000 	C:\Program Files\Java\jre1.8.0_161\bin\server\jvm.dll
0x00007ff80f270000 - 0x00007ff80f278000 	C:\WINDOWS\System32\PSAPI.DLL
0x00007ff808260000 - 0x00007ff808283000 	C:\WINDOWS\SYSTEM32\WINMM.dll
0x00007ffffc140000 - 0x00007ffffc14a000 	C:\WINDOWS\SYSTEM32\VERSION.dll
0x00007ff808230000 - 0x00007ff80825a000 	C:\WINDOWS\SYSTEM32\WINMMBASE.dll
0x00007ff80e800000 - 0x00007ff80e849000 	C:\WINDOWS\System32\cfgmgr32.dll
0x00007ff80c330000 - 0x00007ff80c339000 	C:\WINDOWS\SYSTEM32\WSOCK32.dll
0x00007ff80f3b0000 - 0x00007ff80f41c000 	C:\WINDOWS\System32\WS2_32.dll
0x0000000073e40000 - 0x0000000073e4f000 	C:\Program Files\Java\jre1.8.0_161\bin\verify.dll
0x0000000073d40000 - 0x0000000073d69000 	C:\Program Files\Java\jre1.8.0_161\bin\java.dll
0x0000000073d20000 - 0x0000000073d36000 	C:\Program Files\Java\jre1.8.0_161\bin\zip.dll
0x00007ff80f990000 - 0x00007ff810dd0000 	C:\WINDOWS\System32\SHELL32.dll
0x00007ff80f880000 - 0x00007ff80f929000 	C:\WINDOWS\System32\shcore.dll
0x00007ff80e8f0000 - 0x00007ff80effd000 	C:\WINDOWS\System32\windows.storage.dll
0x00007ff811af0000 - 0x00007ff811b41000 	C:\WINDOWS\System32\shlwapi.dll
0x00007ff80e190000 - 0x00007ff80e1a1000 	C:\WINDOWS\System32\kernel.appcore.dll
0x00007ff80e150000 - 0x00007ff80e16f000 	C:\WINDOWS\System32\profapi.dll
0x00007ff80e100000 - 0x00007ff80e14c000 	C:\WINDOWS\System32\powrprof.dll
0x00007ff80e0f0000 - 0x00007ff80e0fa000 	C:\WINDOWS\System32\FLTLIB.DLL
0x0000000073d00000 - 0x0000000073d1a000 	C:\Program Files\Java\jre1.8.0_161\bin\net.dll
0x00007ff80d5c0000 - 0x00007ff80d626000 	C:\WINDOWS\system32\mswsock.dll
0x0000000073ce0000 - 0x0000000073cf1000 	C:\Program Files\Java\jre1.8.0_161\bin\nio.dll

VM Arguments:
jvm_args: -Dmaven.home=EMBEDDED -Dclassworlds.conf=C:\Users\jkpark\eclipse-workspace\.metadata\.plugins\org.eclipse.m2e.launching\launches\m2conf5058033848713066764.tmp -Dmaven.multiModuleProjectDirectory=C:\Users\jkpark\git\SRVM\SRVM -Dfile.encoding=UTF-8 
java_command: org.codehaus.plexus.classworlds.launcher.Launcher -B tomcat:deploy
java_class_path (initial): C:\Users\jkpark\.p2\pool\plugins\org.eclipse.m2e.maven.runtime_1.8.3.20180227-2135\jars\plexus-classworlds-2.5.2.jar
Launcher Type: SUN_STANDARD

Environment Variables:
JAVA_HOME=C:\Program Files\Java\jdk1.8.0_151
CLASSPATH=C:\Program Files\Java\jdk1.8.0_151lib
USERNAME=jkpark
OS=Windows_NT
PROCESSOR_IDENTIFIER=Intel64 Family 6 Model 78 Stepping 3, GenuineIntel



---------------  S Y S T E M  ---------------

OS: Windows 10.0 , 64 bit Build 17134 (10.0.17134.1)

CPU:total 4 (initial active 4) (2 cores per cpu, 2 threads per core) family 6 model 78 stepping 3, cmov, cx8, fxsr, mmx, sse, sse2, sse3, ssse3, sse4.1, sse4.2, popcnt, avx, avx2, aes, clmul, erms, 3dnowpref, lzcnt, ht, tsc, tscinvbit, bmi1, bmi2, adx

Memory: 4k page, physical 8302664k(777568k free), swap 33468488k(6376k free)

vm_info: Java HotSpot(TM) 64-Bit Server VM (25.161-b12) for windows-amd64 JRE (1.8.0_161-b12), built on Dec 19 2017 17:52:25 by "java_re" with MS VC++ 10.0 (VS2010)

time: Wed Jan 23 13:29:41 2019
elapsed time: 7 seconds (0d 0h 0m 7s)

