#
# There is insufficient memory for the Java Runtime Environment to continue.
# Native memory allocation (malloc) failed to allocate 607056 bytes for Chunk::new
# Possible reasons:
#   The system is out of physical RAM or swap space
#   In 32 bit mode, the process size limit was hit
# Possible solutions:
#   Reduce memory load on the system
#   Increase physical memory or swap space
#   Check if swap backing store is full
#   Use 64 bit Java on a 64 bit OS
#   Decrease Java heap size (-Xmx/-Xms)
#   Decrease number of Java threads
#   Decrease Java thread stack sizes (-Xss)
#   Set larger code cache with -XX:ReservedCodeCacheSize=
# This output file may be truncated or incomplete.
#
#  Out of Memory Error (allocation.cpp:390), pid=118496, tid=0x000000000001f1c8
#
# JRE version: Java(TM) SE Runtime Environment (8.0_161-b12) (build 1.8.0_161-b12)
# Java VM: Java HotSpot(TM) 64-Bit Server VM (25.161-b12 mixed mode windows-amd64 compressed oops)
# Failed to write core dump. Minidumps are not enabled by default on client versions of Windows
#

---------------  T H R E A D  ---------------

Current thread (0x00000000177cb800):  JavaThread "C2 CompilerThread0" daemon [_thread_in_native, id=127432, stack(0x0000000019120000,0x0000000019220000)]

Stack: [0x0000000019120000,0x0000000019220000]
[error occurred during error reporting (printing stack bounds), id 0xc0000005]

Native frames: (J=compiled Java code, j=interpreted, Vv=VM code, C=native code)


Current CompileTask:
C2:  44637 4668       4       java.net.URLStreamHandler::parseURL (1193 bytes)


---------------  P R O C E S S  ---------------

Java Threads: ( => current thread )
  0x000000001a1dc800 JavaThread "Okio Watchdog" daemon [_thread_blocked, id=127108, stack(0x000000001de00000,0x000000001df00000)]
  0x000000001a1db800 JavaThread "OkHttp ConnectionPool" daemon [_thread_blocked, id=128432, stack(0x000000001dd00000,0x000000001de00000)]
  0x0000000018bc0800 JavaThread "Service Thread" daemon [_thread_blocked, id=5788, stack(0x0000000019420000,0x0000000019520000)]
  0x00000000177d9800 JavaThread "C1 CompilerThread2" daemon [_thread_blocked, id=5784, stack(0x0000000019320000,0x0000000019420000)]
  0x00000000177d1800 JavaThread "C2 CompilerThread1" daemon [_thread_in_native, id=119096, stack(0x0000000019220000,0x0000000019320000)]
=>0x00000000177cb800 JavaThread "C2 CompilerThread0" daemon [_thread_in_native, id=127432, stack(0x0000000019120000,0x0000000019220000)]
  0x0000000018b63800 JavaThread "Attach Listener" daemon [_thread_blocked, id=124336, stack(0x0000000019020000,0x0000000019120000)]
  0x0000000018b62800 JavaThread "Signal Dispatcher" daemon [_thread_blocked, id=123032, stack(0x0000000018f20000,0x0000000019020000)]
  0x000000001779a800 JavaThread "Finalizer" daemon [_thread_blocked, id=5792, stack(0x0000000018a20000,0x0000000018b20000)]
  0x0000000002c31000 JavaThread "Reference Handler" daemon [_thread_blocked, id=127356, stack(0x0000000018920000,0x0000000018a20000)]
  0x0000000002b43000 JavaThread "main" [_thread_in_vm, id=127488, stack(0x0000000002610000,0x0000000002710000)]

Other Threads:
  0x0000000017777800 VMThread [stack: 0x0000000018820000,0x0000000018920000] [id=5808]
  0x0000000018be7800 WatcherThread [stack: 0x0000000019520000,0x0000000019620000] [id=126068]

VM state:not at safepoint (normal execution)

VM Mutex/Monitor currently owned by a thread: None

Heap:
 PSYoungGen      total 137216K, used 60918K [0x00000000d5c00000, 0x00000000df700000, 0x0000000100000000)
  eden space 124928K, 46% used [0x00000000d5c00000,0x00000000d9426d30,0x00000000dd600000)
  from space 12288K, 27% used [0x00000000dd600000,0x00000000dd956ba0,0x00000000de200000)
  to   space 12288K, 0% used [0x00000000deb00000,0x00000000deb00000,0x00000000df700000)
 ParOldGen       total 71168K, used 15178K [0x0000000081400000, 0x0000000085980000, 0x00000000d5c00000)
  object space 71168K, 21% used [0x0000000081400000,0x00000000822d2a50,0x0000000085980000)
 Metaspace       used 24923K, capacity 25596K, committed 25728K, reserved 1071104K
  class space    used 2930K, capacity 3172K, committed 3200K, reserved 1048576K

Card table byte_map: [0x0000000012000000,0x0000000012400000] byte_map_base: 0x0000000011bf6000

Marking Bits: (ParMarkBitMap*) 0x00000000729af860
 Begin Bits: [0x0000000012ab0000, 0x0000000014a60000)
 End Bits:   [0x0000000014a60000, 0x0000000016a10000)

Polling page: 0x00000000009f0000

CodeCache: size=245760Kb used=13308Kb max_used=14613Kb free=232451Kb
 bounds [0x0000000002c40000, 0x0000000003ab0000, 0x0000000011c40000]
 total_blobs=4548 nmethods=4127 adapters=333
 compilation: enabled

Compilation events (10 events):
Event: 44.495 Thread 0x00000000177cb800 nmethod 4658 0x00000000037cab90 code [0x00000000037cad60, 0x00000000037cbcf0]
Event: 44.495 Thread 0x00000000177cb800 4669       4       java.lang.StringBuilder::<init> (18 bytes)
Event: 44.503 Thread 0x00000000177cb800 nmethod 4669 0x0000000003608a10 code [0x0000000003608b60, 0x0000000003609098]
Event: 44.503 Thread 0x00000000177cb800 4668       4       java.net.URLStreamHandler::parseURL (1193 bytes)
Event: 44.541 Thread 0x00000000177d9800 4670       1       sun.reflect.generics.scope.AbstractScope::getRecvr (5 bytes)
Event: 44.542 Thread 0x00000000177d9800 nmethod 4670 0x0000000002dc98d0 code [0x0000000002dc9a20, 0x0000000002dc9b30]
Event: 44.544 Thread 0x00000000177d9800 4671       3       java.util.jar.JarFile::<init> (15 bytes)
Event: 44.544 Thread 0x00000000177d9800 nmethod 4671 0x00000000035b00d0 code [0x00000000035b0260, 0x00000000035b0578]
Event: 44.557 Thread 0x00000000177d9800 4672   !   3       java.lang.ClassLoader::definePackage (77 bytes)
Event: 44.558 Thread 0x00000000177d9800 nmethod 4672 0x00000000035af390 code [0x00000000035af540, 0x00000000035afbf8]

GC Heap History (10 events):
Event: 4.760 GC heap before
{Heap before GC invocations=4 (full 0):
 PSYoungGen      total 38400K, used 38393K [0x00000000d5c00000, 0x00000000da700000, 0x0000000100000000)
  eden space 33280K, 100% used [0x00000000d5c00000,0x00000000d7c80000,0x00000000d7c80000)
  from space 5120K, 99% used [0x00000000d7c80000,0x00000000d817e660,0x00000000d8180000)
  to   space 5120K, 0% used [0x00000000da200000,0x00000000da200000,0x00000000da700000)
 ParOldGen       total 87552K, used 5260K [0x0000000081400000, 0x0000000086980000, 0x00000000d5c00000)
  object space 87552K, 6% used [0x0000000081400000,0x0000000081923290,0x0000000086980000)
 Metaspace       used 15768K, capacity 16140K, committed 16384K, reserved 1062912K
  class space    used 1915K, capacity 2016K, committed 2048K, reserved 1048576K
Event: 4.774 GC heap after
Heap after GC invocations=4 (full 0):
 PSYoungGen      total 71680K, used 5113K [0x00000000d5c00000, 0x00000000da700000, 0x0000000100000000)
  eden space 66560K, 0% used [0x00000000d5c00000,0x00000000d5c00000,0x00000000d9d00000)
  from space 5120K, 99% used [0x00000000da200000,0x00000000da6fe620,0x00000000da700000)
  to   space 5120K, 0% used [0x00000000d9d00000,0x00000000d9d00000,0x00000000da200000)
 ParOldGen       total 87552K, used 7775K [0x0000000081400000, 0x0000000086980000, 0x00000000d5c00000)
  object space 87552K, 8% used [0x0000000081400000,0x0000000081b97ef8,0x0000000086980000)
 Metaspace       used 15768K, capacity 16140K, committed 16384K, reserved 1062912K
  class space    used 1915K, capacity 2016K, committed 2048K, reserved 1048576K
}
Event: 11.091 GC heap before
{Heap before GC invocations=5 (full 0):
 PSYoungGen      total 71680K, used 68308K [0x00000000d5c00000, 0x00000000da700000, 0x0000000100000000)
  eden space 66560K, 94% used [0x00000000d5c00000,0x00000000d99b6a50,0x00000000d9d00000)
  from space 5120K, 99% used [0x00000000da200000,0x00000000da6fe620,0x00000000da700000)
  to   space 5120K, 0% used [0x00000000d9d00000,0x00000000d9d00000,0x00000000da200000)
 ParOldGen       total 87552K, used 7775K [0x0000000081400000, 0x0000000086980000, 0x00000000d5c00000)
  object space 87552K, 8% used [0x0000000081400000,0x0000000081b97ef8,0x0000000086980000)
 Metaspace       used 20599K, capacity 21136K, committed 21296K, reserved 1069056K
  class space    used 2467K, capacity 2631K, committed 2688K, reserved 1048576K
Event: 11.115 GC heap after
Heap after GC invocations=5 (full 0):
 PSYoungGen      total 71680K, used 5113K [0x00000000d5c00000, 0x00000000df500000, 0x0000000100000000)
  eden space 66560K, 0% used [0x00000000d5c00000,0x00000000d5c00000,0x00000000d9d00000)
  from space 5120K, 99% used [0x00000000d9d00000,0x00000000da1fe620,0x00000000da200000)
  to   space 11776K, 0% used [0x00000000de980000,0x00000000de980000,0x00000000df500000)
 ParOldGen       total 87552K, used 13647K [0x0000000081400000, 0x0000000086980000, 0x00000000d5c00000)
  object space 87552K, 15% used [0x0000000081400000,0x0000000082153ec0,0x0000000086980000)
 Metaspace       used 20599K, capacity 21136K, committed 21296K, reserved 1069056K
  class space    used 2467K, capacity 2631K, committed 2688K, reserved 1048576K
}
Event: 11.115 GC heap before
{Heap before GC invocations=6 (full 1):
 PSYoungGen      total 71680K, used 5113K [0x00000000d5c00000, 0x00000000df500000, 0x0000000100000000)
  eden space 66560K, 0% used [0x00000000d5c00000,0x00000000d5c00000,0x00000000d9d00000)
  from space 5120K, 99% used [0x00000000d9d00000,0x00000000da1fe620,0x00000000da200000)
  to   space 11776K, 0% used [0x00000000de980000,0x00000000de980000,0x00000000df500000)
 ParOldGen       total 87552K, used 13647K [0x0000000081400000, 0x0000000086980000, 0x00000000d5c00000)
  object space 87552K, 15% used [0x0000000081400000,0x0000000082153ec0,0x0000000086980000)
 Metaspace       used 20599K, capacity 21136K, committed 21296K, reserved 1069056K
  class space    used 2467K, capacity 2631K, committed 2688K, reserved 1048576K
Event: 11.221 GC heap after
Heap after GC invocations=6 (full 1):
 PSYoungGen      total 71680K, used 0K [0x00000000d5c00000, 0x00000000df500000, 0x0000000100000000)
  eden space 66560K, 0% used [0x00000000d5c00000,0x00000000d5c00000,0x00000000d9d00000)
  from space 5120K, 0% used [0x00000000d9d00000,0x00000000d9d00000,0x00000000da200000)
  to   space 11776K, 0% used [0x00000000de980000,0x00000000de980000,0x00000000df500000)
 ParOldGen       total 71168K, used 15162K [0x0000000081400000, 0x0000000085980000, 0x00000000d5c00000)
  object space 71168K, 21% used [0x0000000081400000,0x00000000822cea50,0x0000000085980000)
 Metaspace       used 20599K, capacity 21136K, committed 21296K, reserved 1069056K
  class space    used 2467K, capacity 2631K, committed 2688K, reserved 1048576K
}
Event: 18.647 GC heap before
{Heap before GC invocations=7 (full 1):
 PSYoungGen      total 71680K, used 66073K [0x00000000d5c00000, 0x00000000df500000, 0x0000000100000000)
  eden space 66560K, 99% used [0x00000000d5c00000,0x00000000d9c86580,0x00000000d9d00000)
  from space 5120K, 0% used [0x00000000d9d00000,0x00000000d9d00000,0x00000000da200000)
  to   space 11776K, 0% used [0x00000000de980000,0x00000000de980000,0x00000000df500000)
 ParOldGen       total 71168K, used 15162K [0x0000000081400000, 0x0000000085980000, 0x00000000d5c00000)
  object space 71168K, 21% used [0x0000000081400000,0x00000000822cea50,0x0000000085980000)
 Metaspace       used 24242K, capacity 24874K, committed 25216K, reserved 1071104K
  class space    used 2868K, capacity 3098K, committed 3200K, reserved 1048576K
Event: 18.654 GC heap after
Heap after GC invocations=7 (full 1):
 PSYoungGen      total 101376K, used 4111K [0x00000000d5c00000, 0x00000000dee00000, 0x0000000100000000)
  eden space 96768K, 0% used [0x00000000d5c00000,0x00000000d5c00000,0x00000000dba80000)
  from space 4608K, 89% used [0x00000000de980000,0x00000000ded83e98,0x00000000dee00000)
  to   space 12288K, 0% used [0x00000000dd600000,0x00000000dd600000,0x00000000de200000)
 ParOldGen       total 71168K, used 15170K [0x0000000081400000, 0x0000000085980000, 0x00000000d5c00000)
  object space 71168K, 21% used [0x0000000081400000,0x00000000822d0a50,0x0000000085980000)
 Metaspace       used 24242K, capacity 24874K, committed 25216K, reserved 1071104K
  class space    used 2868K, capacity 3098K, committed 3200K, reserved 1048576K
}
Event: 31.073 GC heap before
{Heap before GC invocations=8 (full 1):
 PSYoungGen      total 101376K, used 100879K [0x00000000d5c00000, 0x00000000dee00000, 0x0000000100000000)
  eden space 96768K, 100% used [0x00000000d5c00000,0x00000000dba80000,0x00000000dba80000)
  from space 4608K, 89% used [0x00000000de980000,0x00000000ded83e98,0x00000000dee00000)
  to   space 12288K, 0% used [0x00000000dd600000,0x00000000dd600000,0x00000000de200000)
 ParOldGen       total 71168K, used 15170K [0x0000000081400000, 0x0000000085980000, 0x00000000d5c00000)
  object space 71168K, 21% used [0x0000000081400000,0x00000000822d0a50,0x0000000085980000)
 Metaspace       used 24423K, capacity 25130K, committed 25472K, reserved 1071104K
  class space    used 2869K, capacity 3098K, committed 3200K, reserved 1048576K
Event: 31.077 GC heap after
Heap after GC invocations=8 (full 1):
 PSYoungGen      total 137216K, used 3418K [0x00000000d5c00000, 0x00000000df700000, 0x0000000100000000)
  eden space 124928K, 0% used [0x00000000d5c00000,0x00000000d5c00000,0x00000000dd600000)
  from space 12288K, 27% used [0x00000000dd600000,0x00000000dd956ba0,0x00000000de200000)
  to   space 12288K, 0% used [0x00000000deb00000,0x00000000deb00000,0x00000000df700000)
 ParOldGen       total 71168K, used 15178K [0x0000000081400000, 0x0000000085980000, 0x00000000d5c00000)
  object space 71168K, 21% used [0x0000000081400000,0x00000000822d2a50,0x0000000085980000)
 Metaspace       used 24423K, capacity 25130K, committed 25472K, reserved 1071104K
  class space    used 2869K, capacity 3098K, committed 3200K, reserved 1048576K
}

Deoptimization events (10 events):
Event: 14.477 Thread 0x0000000002b43000 Uncommon trap: reason=class_check action=maybe_recompile pc=0x0000000003390564 method=java.util.Collections$UnmodifiableMap$UnmodifiableEntrySet$1.next()Ljava/util/Map$Entry; @ 8
Event: 14.477 Thread 0x0000000002b43000 Uncommon trap: reason=class_check action=maybe_recompile pc=0x00000000033e0ec0 method=java.util.Collections$UnmodifiableMap$UnmodifiableEntrySet$UnmodifiableEntry.getValue()Ljava/lang/Object; @ 4
Event: 14.477 Thread 0x0000000002b43000 Uncommon trap: reason=class_check action=maybe_recompile pc=0x00000000033900c0 method=java.util.Collections$UnmodifiableMap$UnmodifiableEntrySet$UnmodifiableEntry.getKey()Ljava/lang/Object; @ 4
Event: 14.765 Thread 0x0000000002b43000 Uncommon trap: reason=class_check action=maybe_recompile pc=0x0000000003388e0c method=java.util.Collections$UnmodifiableMap$UnmodifiableEntrySet$1.hasNext()Z @ 4
Event: 14.765 Thread 0x0000000002b43000 Uncommon trap: reason=class_check action=maybe_recompile pc=0x0000000003390564 method=java.util.Collections$UnmodifiableMap$UnmodifiableEntrySet$1.next()Ljava/util/Map$Entry; @ 8
Event: 14.765 Thread 0x0000000002b43000 Uncommon trap: reason=class_check action=maybe_recompile pc=0x00000000033e0ec0 method=java.util.Collections$UnmodifiableMap$UnmodifiableEntrySet$UnmodifiableEntry.getValue()Ljava/lang/Object; @ 4
Event: 14.765 Thread 0x0000000002b43000 Uncommon trap: reason=class_check action=maybe_recompile pc=0x00000000033900c0 method=java.util.Collections$UnmodifiableMap$UnmodifiableEntrySet$UnmodifiableEntry.getKey()Ljava/lang/Object; @ 4
Event: 26.138 Thread 0x0000000002b43000 Uncommon trap: reason=unstable_if action=reinterpret pc=0x0000000002dfafb4 method=com.sun.crypto.provider.GaloisCounterMode.increment32([B)V @ 39
Event: 26.138 Thread 0x0000000002b43000 Uncommon trap: reason=unstable_if action=reinterpret pc=0x0000000003a83e58 method=com.sun.crypto.provider.GaloisCounterMode.increment32([B)V @ 39
Event: 26.139 Thread 0x0000000002b43000 Uncommon trap: reason=unstable_if action=reinterpret pc=0x0000000003a717cc method=com.sun.crypto.provider.GaloisCounterMode.increment32([B)V @ 39

Classes redefined (0 events):
No events

Internal exceptions (10 events):
Event: 2.545 Thread 0x0000000002b43000 Exception <a 'java/lang/NullPointerException'> (0x00000000d6583ed8) thrown at [C:\re\workspace\8-2-build-windows-amd64-cygwin\jdk8u161\10277\hotspot\src\share\vm\interpreter\linkResolver.cpp, line 1185]
Event: 2.545 Thread 0x0000000002b43000 Exception <a 'java/lang/NullPointerException'> (0x00000000d65840f0) thrown at [C:\re\workspace\8-2-build-windows-amd64-cygwin\jdk8u161\10277\hotspot\src\share\vm\interpreter\linkResolver.cpp, line 1185]
Event: 3.146 Thread 0x0000000002b43000 Implicit null exception at 0x00000000030115d5 to 0x00000000030117ad
Event: 3.146 Thread 0x0000000002b43000 Implicit null exception at 0x0000000002f844af to 0x0000000002f84519
Event: 3.156 Thread 0x0000000002b43000 Implicit null exception at 0x0000000003256cae to 0x0000000003257fdd
Event: 3.255 Thread 0x0000000002b43000 Implicit null exception at 0x000000000324d32b to 0x000000000324db1d
Event: 3.256 Thread 0x0000000002b43000 Implicit null exception at 0x0000000002fb2b7b to 0x0000000002fb3149
Event: 5.123 Thread 0x0000000002b43000 Implicit null exception at 0x000000000355e235 to 0x000000000355f3b1
Event: 11.420 Thread 0x0000000002b43000 Exception <a 'java/lang/NoSuchFieldError': method resolution failed> (0x00000000d5f05448) thrown at [C:\re\workspace\8-2-build-windows-amd64-cygwin\jdk8u161\10277\hotspot\src\share\vm\prims\methodHandles.cpp, line 1167]
Event: 11.422 Thread 0x0000000002b43000 Exception <a 'java/lang/NoSuchFieldError': method resolution failed> (0x00000000d5f132a8) thrown at [C:\re\workspace\8-2-build-windows-amd64-cygwin\jdk8u161\10277\hotspot\src\share\vm\prims\methodHandles.cpp, line 1167]

Events (10 events):
Event: 44.634 loading class org/codehaus/plexus/archiver/zip/ZipUnArchiver$__sisu3
Event: 44.634 loading class org/codehaus/plexus/archiver/zip/ZipUnArchiver$__sisu3 done
Event: 44.635 loading class org/codehaus/plexus/archiver/zip/ZipUnArchiver
Event: 44.635 loading class org/codehaus/plexus/archiver/zip/ZipUnArchiver done
Event: 44.635 loading class org/codehaus/plexus/archiver/zip/ZipUnArchiver
Event: 44.635 loading class org/codehaus/plexus/archiver/zip/ZipUnArchiver done
Event: 44.635 loading class org/codehaus/plexus/archiver/dir/DirectoryArchiver
Event: 44.635 loading class org/codehaus/plexus/archiver/dir/DirectoryArchiver done
Event: 44.635 loading class org/codehaus/plexus/archiver/dir/DirectoryArchiver
Event: 44.635 loading class org/codehaus/plexus/archiver/dir/DirectoryArchiver done


Dynamic libraries:
0x00007ff6fd3e0000 - 0x00007ff6fd417000 	C:\Program Files\Java\jre1.8.0_161\bin\javaw.exe
0x00007ff811de0000 - 0x00007ff811fc1000 	C:\WINDOWS\SYSTEM32\ntdll.dll
0x00007ff80f4d0000 - 0x00007ff80f582000 	C:\WINDOWS\System32\KERNEL32.DLL
0x00007ff80e260000 - 0x00007ff80e4d3000 	C:\WINDOWS\System32\KERNELBASE.dll
0x00007ff811620000 - 0x00007ff8116c1000 	C:\WINDOWS\System32\ADVAPI32.dll
0x00007ff80f420000 - 0x00007ff80f4be000 	C:\WINDOWS\System32\msvcrt.dll
0x00007ff811150000 - 0x00007ff8111ab000 	C:\WINDOWS\System32\sechost.dll
0x00007ff80f280000 - 0x00007ff80f3a4000 	C:\WINDOWS\System32\RPCRT4.dll
0x00007ff80f590000 - 0x00007ff80f720000 	C:\WINDOWS\System32\USER32.dll
0x00007ff80e4e0000 - 0x00007ff80e500000 	C:\WINDOWS\System32\win32u.dll
0x00007ff810dd0000 - 0x00007ff810df8000 	C:\WINDOWS\System32\GDI32.dll
0x00007ff80e500000 - 0x00007ff80e692000 	C:\WINDOWS\System32\gdi32full.dll
0x00007ff80e850000 - 0x00007ff80e8ef000 	C:\WINDOWS\System32\msvcp_win.dll
0x00007ff80e6a0000 - 0x00007ff80e79a000 	C:\WINDOWS\System32\ucrtbase.dll
0x00007ffffaf30000 - 0x00007ffffb199000 	C:\WINDOWS\WinSxS\amd64_microsoft.windows.common-controls_6595b64144ccf1df_6.0.17134.523_none_fb409dd930672a56\COMCTL32.dll
0x00007ff8116d0000 - 0x00007ff8119f2000 	C:\WINDOWS\System32\combase.dll
0x00007ff80f000000 - 0x00007ff80f07a000 	C:\WINDOWS\System32\bcryptPrimitives.dll
0x00007ff810e00000 - 0x00007ff810e2d000 	C:\WINDOWS\System32\IMM32.DLL
0x0000000073ab0000 - 0x0000000073b82000 	C:\Program Files\Java\jre1.8.0_161\bin\msvcr100.dll
0x0000000072190000 - 0x0000000072a2f000 	C:\Program Files\Java\jre1.8.0_161\bin\server\jvm.dll
0x00007ff80f270000 - 0x00007ff80f278000 	C:\WINDOWS\System32\PSAPI.DLL
0x00007ff80c330000 - 0x00007ff80c339000 	C:\WINDOWS\SYSTEM32\WSOCK32.dll
0x00007ff80f3b0000 - 0x00007ff80f41c000 	C:\WINDOWS\System32\WS2_32.dll
0x00007ff808260000 - 0x00007ff808283000 	C:\WINDOWS\SYSTEM32\WINMM.dll
0x00007ffffc140000 - 0x00007ffffc14a000 	C:\WINDOWS\SYSTEM32\VERSION.dll
0x00007ff808230000 - 0x00007ff80825a000 	C:\WINDOWS\SYSTEM32\winmmbase.dll
0x00007ff80e800000 - 0x00007ff80e849000 	C:\WINDOWS\System32\cfgmgr32.dll
0x0000000073e40000 - 0x0000000073e4f000 	C:\Program Files\Java\jre1.8.0_161\bin\verify.dll
0x0000000073d40000 - 0x0000000073d69000 	C:\Program Files\Java\jre1.8.0_161\bin\java.dll
0x0000000073d20000 - 0x0000000073d36000 	C:\Program Files\Java\jre1.8.0_161\bin\zip.dll
0x00007ff80f990000 - 0x00007ff810dd0000 	C:\WINDOWS\System32\SHELL32.dll
0x00007ff80f880000 - 0x00007ff80f929000 	C:\WINDOWS\System32\shcore.dll
0x00007ff80e8f0000 - 0x00007ff80effd000 	C:\WINDOWS\System32\windows.storage.dll
0x00007ff811af0000 - 0x00007ff811b41000 	C:\WINDOWS\System32\shlwapi.dll
0x00007ff80e190000 - 0x00007ff80e1a1000 	C:\WINDOWS\System32\kernel.appcore.dll
0x00007ff80e150000 - 0x00007ff80e16f000 	C:\WINDOWS\System32\profapi.dll
0x00007ff80e100000 - 0x00007ff80e14c000 	C:\WINDOWS\System32\powrprof.dll
0x00007ff80e0f0000 - 0x00007ff80e0fa000 	C:\WINDOWS\System32\FLTLIB.DLL
0x0000000073d00000 - 0x0000000073d1a000 	C:\Program Files\Java\jre1.8.0_161\bin\net.dll
0x00007ff80d5c0000 - 0x00007ff80d626000 	C:\WINDOWS\system32\mswsock.dll
0x0000000073ce0000 - 0x0000000073cf1000 	C:\Program Files\Java\jre1.8.0_161\bin\nio.dll
0x0000000073cb0000 - 0x0000000073cd4000 	C:\Program Files\Java\jre1.8.0_161\bin\sunec.dll
0x00007ff80d350000 - 0x00007ff80d388000 	C:\WINDOWS\SYSTEM32\IPHLPAPI.DLL
0x00007ff80f4c0000 - 0x00007ff80f4c8000 	C:\WINDOWS\System32\NSI.dll
0x00007ff804ef0000 - 0x00007ff804f06000 	C:\WINDOWS\SYSTEM32\dhcpcsvc6.DLL
0x00007ff803f00000 - 0x00007ff803f1a000 	C:\WINDOWS\SYSTEM32\dhcpcsvc.DLL
0x00007ff80dc40000 - 0x00007ff80dc57000 	C:\WINDOWS\SYSTEM32\CRYPTSP.dll
0x00007ff80d1b0000 - 0x00007ff80d1e3000 	C:\WINDOWS\system32\rsaenh.dll
0x00007ff80db30000 - 0x00007ff80db55000 	C:\WINDOWS\SYSTEM32\bcrypt.dll
0x00007ff80e020000 - 0x00007ff80e048000 	C:\WINDOWS\SYSTEM32\USERENV.dll
0x00007ff80d720000 - 0x00007ff80d72b000 	C:\WINDOWS\SYSTEM32\CRYPTBASE.dll
0x00007ff80d390000 - 0x00007ff80d44e000 	C:\WINDOWS\SYSTEM32\DNSAPI.dll
0x00007ffffd440000 - 0x00007ffffd44a000 	C:\Windows\System32\rasadhlp.dll
0x00007ffffe210000 - 0x00007ffffe282000 	C:\WINDOWS\System32\fwpuclnt.dll
0x0000000073e30000 - 0x0000000073e3b000 	C:\Program Files\Java\jre1.8.0_161\bin\sunmscapi.dll
0x00007ff80f080000 - 0x00007ff80f262000 	C:\WINDOWS\System32\CRYPT32.dll
0x00007ff80e170000 - 0x00007ff80e182000 	C:\WINDOWS\System32\MSASN1.dll

VM Arguments:
jvm_args: -Dmaven.home=EMBEDDED -Dclassworlds.conf=C:\Users\jkpark\eclipse-workspace\.metadata\.plugins\org.eclipse.m2e.launching\launches\m2conf5327718590167941492.tmp -Dmaven.multiModuleProjectDirectory=C:\Users\jkpark\git\SRVM\SRVM -Dfile.encoding=UTF-8 
java_command: org.codehaus.plexus.classworlds.launcher.Launcher -B tomcat:deploy
java_class_path (initial): C:\Users\jkpark\.p2\pool\plugins\org.eclipse.m2e.maven.runtime_1.8.3.20180227-2135\jars\plexus-classworlds-2.5.2.jar
Launcher Type: SUN_STANDARD

Environment Variables:
JAVA_HOME=C:\Program Files\Java\jdk1.8.0_151
CLASSPATH=C:\Program Files\Java\jdk1.8.0_151lib
USERNAME=jkpark
OS=Windows_NT
PROCESSOR_IDENTIFIER=Intel64 Family 6 Model 78 Stepping 3, GenuineIntel



---------------  S Y S T E M  ---------------

OS: Windows 10.0 , 64 bit Build 17134 (10.0.17134.1)

CPU:total 4 (initial active 4) (2 cores per cpu, 2 threads per core) family 6 model 78 stepping 3, cmov, cx8, fxsr, mmx, sse, sse2, sse3, ssse3, sse4.1, sse4.2, popcnt, avx, avx2, aes, clmul, erms, 3dnowpref, lzcnt, ht, tsc, tscinvbit, bmi1, bmi2, adx

Memory: 4k page, physical 8302664k(606064k free), swap 33468488k(5144k free)

vm_info: Java HotSpot(TM) 64-Bit Server VM (25.161-b12) for windows-amd64 JRE (1.8.0_161-b12), built on Dec 19 2017 17:52:25 by "java_re" with MS VC++ 10.0 (VS2010)

time: Wed Jan 23 13:01:34 2019
elapsed time: 44 seconds (0d 0h 0m 44s)

